0 info it worked if it ends with ok
1 verbose cli [ 'C:\\Program Files\\nodejs\\\\node.exe',
1 verbose cli   'C:\\Program Files\\nodejs\\node_modules\\npm\\bin\\npm-cli.js',
1 verbose cli   'publish' ]
2 info using npm@2.11.3
3 info using node@v0.12.7
4 verbose publish [ '.' ]
5 silly cache add args [ '.', null ]
6 verbose cache add spec .
7 silly cache add parsed spec { raw: '.',
7 silly cache add   scope: null,
7 silly cache add   name: null,
7 silly cache add   rawSpec: '.',
7 silly cache add   spec: 'C:\\www\\svg-mapper',
7 silly cache add   type: 'directory' }
8 verbose addLocalDirectory C:\Users\lfalda\AppData\Roaming\npm-cache\svg-mapper\1.0.0\package.tgz not in flight; packing
9 verbose tar pack [ 'C:\\Users\\lfalda\\AppData\\Roaming\\npm-cache\\svg-mapper\\1.0.0\\package.tgz',
9 verbose tar pack   'C:\\www\\svg-mapper' ]
10 verbose tarball C:\Users\lfalda\AppData\Roaming\npm-cache\svg-mapper\1.0.0\package.tgz
11 verbose folder C:\www\svg-mapper
12 info prepublish svg-mapper@1.0.0
13 verbose addLocalTarball adding from inside cache C:\Users\lfalda\AppData\Roaming\npm-cache\svg-mapper\1.0.0\package.tgz
14 silly cache afterAdd svg-mapper@1.0.0
15 verbose afterAdd C:\Users\lfalda\AppData\Roaming\npm-cache\svg-mapper\1.0.0\package\package.json not in flight; writing
16 verbose afterAdd C:\Users\lfalda\AppData\Roaming\npm-cache\svg-mapper\1.0.0\package\package.json written
17 silly publish { name: 'svg-mapper',
17 silly publish   version: '1.0.0',
17 silly publish   description: 'aggregate svg files into a map file as symbols',
17 silly publish   main: 'node.js',
17 silly publish   scripts: { test: 'echo "Error: no test specified" && exit 1' },
17 silly publish   repository:
17 silly publish    { type: 'git',
17 silly publish      url: 'git+https://github.com/mynameislau/svg-mapper.git' },
17 silly publish   keywords: [ 'svg', 'use', 'symbol' ],
17 silly publish   author: { name: 'mynameislau' },
17 silly publish   license: 'ISC',
17 silly publish   bugs: { url: 'https://github.com/mynameislau/svg-mapper/issues' },
17 silly publish   homepage: 'https://github.com/mynameislau/svg-mapper#readme',
17 silly publish   devDependencies: { glob: '^6.0.3', xml2js: '^0.4.15' },
17 silly publish   gitHead: '423fbdbc4fddfd58ed6d50ea4f4b71bcc017c716',
17 silly publish   readme: 'ERROR: No README data found!',
17 silly publish   _id: 'svg-mapper@1.0.0',
17 silly publish   _shasum: '588ead3c5bb518d6cbb6d94dbd8e80bec953886b',
17 silly publish   _from: '.' }
18 verbose getPublishConfig undefined
19 silly mapToRegistry name svg-mapper
20 silly mapToRegistry using default registry
21 silly mapToRegistry registry https://registry.npmjs.org/
22 silly mapToRegistry uri https://registry.npmjs.org/svg-mapper
23 verbose publish registryBase https://registry.npmjs.org/
24 silly publish uploading C:\Users\lfalda\AppData\Roaming\npm-cache\svg-mapper\1.0.0\package.tgz
25 verbose request uri https://registry.npmjs.org/svg-mapper
26 verbose request sending authorization for write operation
27 info attempt registry request try #1 at 20:21:06
28 verbose request using bearer token for auth
29 verbose request id fdf9a82248b80c11
30 http request PUT https://registry.npmjs.org/svg-mapper
31 http 403 https://registry.npmjs.org/svg-mapper
32 verbose headers { 'content-type': 'application/json',
32 verbose headers   'cache-control': 'max-age=300',
32 verbose headers   'content-length': '102',
32 verbose headers   'accept-ranges': 'bytes',
32 verbose headers   date: 'Mon, 04 Jan 2016 19:21:07 GMT',
32 verbose headers   via: '1.1 varnish',
32 verbose headers   connection: 'keep-alive',
32 verbose headers   'x-served-by': 'cache-lcy1133-LCY',
32 verbose headers   'x-cache': 'MISS',
32 verbose headers   'x-cache-hits': '0',
32 verbose headers   'x-timer': 'S1451935266.646499,VS0,VE790' }
33 verbose request invalidating C:\Users\lfalda\AppData\Roaming\npm-cache\registry.npmjs.org\svg-mapper on PUT
34 error publish Failed PUT 403
35 verbose stack Error: You do not have permission to publish 'svg-mapper'. Are you logged in as the correct user? : svg-mapper
35 verbose stack     at CachingRegistryClient.<anonymous> (C:\Program Files\nodejs\node_modules\npm\node_modules\npm-registry-client\lib\request.js:247:14)
35 verbose stack     at Request._callback (C:\Program Files\nodejs\node_modules\npm\node_modules\npm-registry-client\lib\request.js:170:14)
35 verbose stack     at Request.self.callback (C:\Program Files\nodejs\node_modules\npm\node_modules\request\request.js:354:22)
35 verbose stack     at Request.emit (events.js:110:17)
35 verbose stack     at Request.<anonymous> (C:\Program Files\nodejs\node_modules\npm\node_modules\request\request.js:1207:14)
35 verbose stack     at Request.emit (events.js:129:20)
35 verbose stack     at IncomingMessage.<anonymous> (C:\Program Files\nodejs\node_modules\npm\node_modules\request\request.js:1153:12)
35 verbose stack     at IncomingMessage.emit (events.js:129:20)
35 verbose stack     at _stream_readable.js:908:16
35 verbose stack     at process._tickCallback (node.js:355:11)
36 verbose statusCode 403
37 verbose pkgid svg-mapper
38 verbose cwd C:\www\svg-mapper
39 error Windows_NT 6.3.9600
40 error argv "C:\\Program Files\\nodejs\\\\node.exe" "C:\\Program Files\\nodejs\\node_modules\\npm\\bin\\npm-cli.js" "publish"
41 error node v0.12.7
42 error npm  v2.11.3
43 error code E403
44 error You do not have permission to publish 'svg-mapper'. Are you logged in as the correct user? : svg-mapper
45 error If you need help, you may report this error at:
45 error     <https://github.com/npm/npm/issues>
46 verbose exit [ 1, true ]
